TN:
SF:src\modules\appointments\services\CreateAppointmentService.ts
FN:10,(anonymous_18)
FN:11,CreateAppointmentService
FN:16,(anonymous_20)
FNF:3
FNH:3
FNDA:1,(anonymous_18)
FNDA:2,CreateAppointmentService
FNDA:3,(anonymous_20)
DA:1,1
DA:2,1
DA:4,1
DA:10,1
DA:13,2
DA:16,1
DA:17,3
DA:18,3
DA:20,3
DA:22,3
DA:23,1
DA:26,2
DA:31,2
DA:33,1
DA:35,1
LF:15
LH:15
BRDA:22,0,0,1
BRDA:22,0,1,2
BRF:2
BRH:2
end_of_record
TN:
SF:src\modules\users\services\AuthenticateService.ts
FN:17,(anonymous_18)
FN:18,AuthenticateService
FN:25,(anonymous_20)
FNF:3
FNH:3
FNDA:1,(anonymous_18)
FNDA:3,AuthenticateService
FNDA:3,(anonymous_20)
DA:1,1
DA:2,1
DA:4,1
DA:5,1
DA:17,1
DA:20,3
DA:22,3
DA:25,1
DA:26,3
DA:27,3
DA:29,3
DA:31,3
DA:32,1
DA:35,2
DA:40,2
DA:41,1
DA:44,1
DA:49,1
DA:54,1
DA:56,1
LF:20
LH:20
BRDA:29,0,0,3
BRDA:31,1,0,1
BRDA:31,1,1,2
BRDA:40,2,0,1
BRDA:40,2,1,1
BRF:5
BRH:5
end_of_record
TN:
SF:src\modules\users\services\CreateUserService.ts
FN:14,(anonymous_18)
FN:15,CreateUserService
FN:22,(anonymous_20)
FNF:3
FNH:3
FNDA:2,(anonymous_18)
FNDA:5,CreateUserService
FNDA:6,(anonymous_20)
DA:2,2
DA:4,2
DA:14,2
DA:17,5
DA:19,5
DA:22,2
DA:23,6
DA:24,6
DA:25,6
DA:27,6
DA:29,6
DA:30,1
DA:33,5
DA:35,5
DA:41,5
DA:43,2
DA:45,2
LF:17
LH:17
BRDA:27,0,0,6
BRDA:29,1,0,1
BRDA:29,1,1,5
BRF:3
BRH:3
end_of_record
TN:
SF:src\modules\users\services\UpdateAvatarUserService.ts
FN:18,(anonymous_18)
FN:19,UpdateAvatarUserService
FN:26,(anonymous_20)
FNF:3
FNH:3
FNDA:1,(anonymous_18)
FNDA:3,UpdateAvatarUserService
FNDA:4,(anonymous_20)
DA:3,1
DA:5,1
DA:18,1
DA:21,3
DA:23,3
DA:26,4
DA:27,4
DA:29,4
DA:30,1
DA:33,5
DA:35,2
DA:38,3
DA:40,3
DA:42,6
DA:43,3
DA:45,1
DA:47,1
LF:17
LH:17
BRDA:27,0,0,4
BRDA:27,0,1,3
BRDA:29,1,0,1
BRDA:29,1,1,3
BRDA:33,2,0,2
BRDA:33,2,1,1
BRF:6
BRH:6
end_of_record
